
 Ansys Mechanical Enterprise                       


 *------------------------------------------------------------------*
 |                                                                  |
 |   W E L C O M E   T O   T H E   A N S Y S (R)  P R O G R A M     |
 |                                                                  |
 *------------------------------------------------------------------*




 ***************************************************************
 *            ANSYS 2021 R2          LEGAL NOTICES             *
 ***************************************************************
 *                                                             *
 * Copyright 1971-2021 ANSYS, Inc.  All rights reserved.       *
 * Unauthorized use, distribution or duplication is            *
 * prohibited.                                                 *
 *                                                             *
 * Ansys is a registered trademark of ANSYS, Inc. or its       *
 * subsidiaries in the United States or other countries.       *
 * See the ANSYS, Inc. online documentation or the ANSYS, Inc. *
 * documentation CD or online help for the complete Legal      *
 * Notice.                                                     *
 *                                                             *
 ***************************************************************
 *                                                             *
 * THIS ANSYS SOFTWARE PRODUCT AND PROGRAM DOCUMENTATION       *
 * INCLUDE TRADE SECRETS AND CONFIDENTIAL AND PROPRIETARY      *
 * PRODUCTS OF ANSYS, INC., ITS SUBSIDIARIES, OR LICENSORS.    *
 * The software products and documentation are furnished by    *
 * ANSYS, Inc. or its subsidiaries under a software license    *
 * agreement that contains provisions concerning               *
 * non-disclosure, copying, length and nature of use,          *
 * compliance with exporting laws, warranties, disclaimers,    *
 * limitations of liability, and remedies, and other           *
 * provisions.  The software products and documentation may be *
 * used, disclosed, transferred, or copied only in accordance  *
 * with the terms and conditions of that software license      *
 * agreement.                                                  *
 *                                                             *
 * ANSYS, Inc. is a UL registered                              *
 * ISO 9001:2015 company.                                      *
 *                                                             *
 ***************************************************************
 *                                                             *
 * This product is subject to U.S. laws governing export and   *
 * re-export.                                                  *
 *                                                             *
 * For U.S. Government users, except as specifically granted   *
 * by the ANSYS, Inc. software license agreement, the use,     *
 * duplication, or disclosure by the United States Government  *
 * is subject to restrictions stated in the ANSYS, Inc.        *
 * software license agreement and FAR 12.212 (for non-DOD      *
 * licenses).                                                  *
 *                                                             *
 ***************************************************************

 2021 R2 
     
 Point Releases and Patches installed:   
     
 ANSYS, Inc. Products 2021 R2
 SpaceClaim 2021 R2  
 Discovery 2021 R2   
 ANSYS Sherlock 2021 R2  
 Autodyn 2021 R2 
 LS-DYNA 2021 R2 
 CFX (includes CFD-Post) 2021 R2 
 Chemkin 2021 R2 
 EnSight 2021 R2 
 FENSAP-ICE 2021 R2  
 Fluent (includes CFD-Post) 2021 R2  
 Polyflow (includes CFD-Post) 2021 R2
 Forte (includes EnSight) 2021 R2
 TurboGrid 2021 R2   
 ICEM CFD 2021 R2
 Aqwa 2021 R2
 Speos 2021 R2   
 Additive 2021 R2
 Mechanical Products 2021 R2 
 Icepak (includes CFD-Post) 2021 R2  
 ACIS Geometry Interface 2021 R2 
 AutoCAD Geometry Interface 2021 R2  
 Catia, Version 4 Geometry Interface 2021 R2 
 Catia, Version 5 Geometry Interface 2021 R2 
 Catia, Version 6 Geometry Interface 2021 R2 
 Creo Elements/Direct Modeling Geometry Interface 2021 R2
 Creo Parametric Geometry Interface 2021 R2  
 Inventor Geometry Interface 2021 R2 
 JTOpen Geometry Interface 2021 R2   
 NX Geometry Interface 2021 R2   
 Parasolid Geometry Interface  2021 R2   
 Solid Edge Geometry Interface 2021 R2   
 SOLIDWORKS Geometry Interface 2021 R2   
 ANSYS, Inc. License Manager 2021 R2 


          *****  ANSYS COMMAND LINE ARGUMENTS  *****
  BATCH MODE REQUESTED (-b)    = NOLIST
  INPUT FILE COPY MODE (-c)    = COPY
  DISTRIBUTED MEMORY PARALLEL REQUESTED
       6 PARALLEL PROCESSES REQUESTED WITH SINGLE THREAD PER PROCESS
    TOTAL OF     6 CORES REQUESTED
  INPUT FILE NAME              = C:\Users\Priyank Mitram Singh\AppData\Local\Temp\WB_Priyank Mitram Singh_14380_2\_ProjectScratch\Scr720B\dummy.dat
  OUTPUT FILE NAME             = C:\Users\Priyank Mitram Singh\AppData\Local\Temp\WB_Priyank Mitram Singh_14380_2\_ProjectScratch\Scr720B\solve.out
  START-UP FILE MODE           = NOREAD
  STOP FILE MODE               = NOREAD

 RELEASE= 2021 R2              BUILD= 21.2      UP20210601   VERSION=WINDOWS x64 
 CURRENT JOBNAME=file0  19:37:29  MAR 07, 2024 CP=      0.359


 PARAMETER _DS_PROGRESS =     999.0000000    

 /INPUT FILE= ds.dat  LINE=       0



 *** NOTE ***                            CP =       0.438   TIME= 19:37:29
 The /CONFIG,NOELDB command is not valid in a Distributed ANSYS          
 solution.  Command is ignored.                                          

 *GET  _WALLSTRT  FROM  ACTI  ITEM=TIME WALL  VALUE=  19.6247222    

 TITLE= 
 wbnew--Static Structural (B5)                                                 

  ACT Extensions:
      LSDYNA, 2021.1
      5f463412-bd3e-484b-87e7-cbc0a665e474, wbex
  

 SET PARAMETER DIMENSIONS ON  _WB_PROJECTSCRATCH_DIR
  TYPE=STRI  DIMENSIONS=      248        1        1

 PARAMETER _WB_PROJECTSCRATCH_DIR(1) = C:\Users\Priyank Mitram Singh\AppData\Local\Temp\WB_Priyank Mitram Singh_14380_2\_ProjectScratch\Scr720B\

 SET PARAMETER DIMENSIONS ON  _WB_SOLVERFILES_DIR
  TYPE=STRI  DIMENSIONS=      248        1        1

 PARAMETER _WB_SOLVERFILES_DIR(1) = C:\Users\Priyank Mitram Singh\AppData\Local\Temp\WB_Priyank Mitram Singh_14380_2\wbnew_files\dp0\SYS-1\MECH\

 SET PARAMETER DIMENSIONS ON  _WB_USERFILES_DIR
  TYPE=STRI  DIMENSIONS=      248        1        1

 PARAMETER _WB_USERFILES_DIR(1) = C:\Users\Priyank Mitram Singh\AppData\Local\Temp\WB_Priyank Mitram Singh_14380_2\wbnew_files\user_files\
 --- Data in consistent MKS units. See Solving Units in the help system for more

 MKS UNITS SPECIFIED FOR INTERNAL    
  LENGTH        (l)  = METER (M)
  MASS          (M)  = KILOGRAM (KG)
  TIME          (t)  = SECOND (SEC)
  TEMPERATURE   (T)  = CELSIUS (C)
  TOFFSET            = 273.0
  CHARGE        (Q)  = COULOMB
  FORCE         (f)  = NEWTON (N) (KG-M/SEC2)
  HEAT               = JOULE (N-M)

  PRESSURE           = PASCAL (NEWTON/M**2)
  ENERGY        (W)  = JOULE (N-M)
  POWER         (P)  = WATT (N-M/SEC)
  CURRENT       (i)  = AMPERE (COULOMBS/SEC)
  CAPACITANCE   (C)  = FARAD
  INDUCTANCE    (L)  = HENRY
  MAGNETIC FLUX      = WEBER
  RESISTANCE    (R)  = OHM
  ELECTRIC POTENTIAL = VOLT

 INPUT  UNITS ARE ALSO SET TO MKS 

 *** ANSYS - ENGINEERING ANALYSIS SYSTEM  RELEASE 2021 R2          21.2     ***
 DISTRIBUTED Ansys Mechanical Enterprise                       

 00000000  VERSION=WINDOWS x64   19:37:29  MAR 07, 2024 CP=      0.438

 wbnew--Static Structural (B5)                                                 



          ***** ANSYS ANALYSIS DEFINITION (PREP7) *****
 *********** Nodes for the whole assembly ***********
 *********** Elements for Body 1 "SYS\Solid" ***********
 *********** Send User Defined Coordinate System(s) ***********
 *********** Set Reference Temperature ***********
 *********** Send Materials ***********
 *********** Fixed Supports ***********


 ***** ROUTINE COMPLETED *****  CP =         1.203


 --- Number of total nodes = 70842
 --- Number of contact elements = 0
 --- Number of spring elements = 0
 --- Number of bearing elements = 0
 --- Number of solid elements = 9968
 --- Number of condensed parts = 0
 --- Number of total elements = 9968

 *GET  _WALLBSOL  FROM  ACTI  ITEM=TIME WALL  VALUE=  19.6247222    
 ****************************************************************************
 *************************    SOLUTION       ********************************
 ****************************************************************************

 *****  ANSYS SOLUTION ROUTINE  *****


 PERFORM A STATIC ANALYSIS
  THIS WILL BE A NEW ANALYSIS

 PARAMETER _THICKRATIO =     0.000000000    

 USE SPARSE MATRIX DIRECT SOLVER

 CONTACT INFORMATION PRINTOUT LEVEL       1

 DO NOT COMBINE ELEMENT MATRIX FILES (.emat) AFTER DISTRIBUTED PARALLEL SOLUTION

 DO NOT COMBINE ELEMENT SAVE DATA FILES (.esav) AFTER DISTRIBUTED PARALLEL SOLUTION

 NLDIAG: Nonlinear diagnostics CONT option is set to ON. 
         Writing frequency : each ITERATION.

 DO NOT SAVE ANY RESTART FILES AT ALL
 ****************************************************
 ******************* SOLVE FOR LS 1 OF 1 ****************
 *********** Create Imported Load "Imported Body Temperature" ***********

 PRINTOUT RESUMED BY /GOP

 PRINTOUT RESUMED BY /GOP

 USE       1 SUBSTEPS INITIALLY THIS LOAD STEP FOR ALL  DEGREES OF FREEDOM
 FOR AUTOMATIC TIME STEPPING:
   USE      1 SUBSTEPS AS A MAXIMUM
   USE      1 SUBSTEPS AS A MINIMUM

 TIME=  1.0000    

 ERASE THE CURRENT DATABASE OUTPUT CONTROL TABLE.


 WRITE ALL  ITEMS TO THE DATABASE WITH A FREQUENCY OF NONE
   FOR ALL APPLICABLE ENTITIES

 WRITE NSOL ITEMS TO THE DATABASE WITH A FREQUENCY OF ALL 
   FOR ALL APPLICABLE ENTITIES

 WRITE RSOL ITEMS TO THE DATABASE WITH A FREQUENCY OF ALL 
   FOR ALL APPLICABLE ENTITIES

 WRITE EANG ITEMS TO THE DATABASE WITH A FREQUENCY OF ALL 
   FOR ALL APPLICABLE ENTITIES

 WRITE ETMP ITEMS TO THE DATABASE WITH A FREQUENCY OF ALL 
   FOR ALL APPLICABLE ENTITIES

 WRITE VENG ITEMS TO THE DATABASE WITH A FREQUENCY OF ALL 
   FOR ALL APPLICABLE ENTITIES

 WRITE STRS ITEMS TO THE DATABASE WITH A FREQUENCY OF ALL 
   FOR ALL APPLICABLE ENTITIES

 WRITE EPEL ITEMS TO THE DATABASE WITH A FREQUENCY OF ALL 
   FOR ALL APPLICABLE ENTITIES

 WRITE EPPL ITEMS TO THE DATABASE WITH A FREQUENCY OF ALL 
   FOR ALL APPLICABLE ENTITIES

 WRITE EPTH ITEMS TO THE DATABASE WITH A FREQUENCY OF ALL 
   FOR ALL APPLICABLE ENTITIES

 WRITE CONT ITEMS TO THE DATABASE WITH A FREQUENCY OF ALL 
   FOR ALL APPLICABLE ENTITIES

 *GET  ANSINTER_  FROM  ACTI  ITEM=INT        VALUE=  0.00000000    

 *IF  ANSINTER_                         ( =   0.00000     )  NE  
      0                                 ( =   0.00000     )  THEN    

 *ENDIF

 *** NOTE ***                            CP =       2.391   TIME= 19:37:30
 The automatic domain decomposition logic has selected the MESH domain   
 decomposition method with 6 processes per solution.                     

 *****  ANSYS SOLVE    COMMAND  *****

 *** WARNING ***                         CP =       2.391   TIME= 19:37:30
 Element shape checking is currently inactive.  Issue SHPP,ON or         
 SHPP,WARN to reactivate, if desired.                                    

 *** NOTE ***                            CP =       2.484   TIME= 19:37:30
 The model data was checked and warning messages were found.             
  Please review output or errors file ( C:\Users\Priyank Mitram          
 Singh\AppData\Local\Temp\WB_Priyank Mitram                              
 Singh_14380_2\_ProjectScratch\Scr720B\file0.err ) for these warning     
 messages.                                                               

 *** SELECTION OF ELEMENT TECHNOLOGIES FOR APPLICABLE ELEMENTS ***
      --- GIVE SUGGESTIONS AND RESET THE KEY OPTIONS ---

 ELEMENT TYPE         1 IS SOLID186. KEYOPT(2)=0 IS SUGGESTED AND HAS BEEN RESET.
  KEYOPT(1-12)=    0    0    0    0    0    0    0    0    0    0    0    0



 *** ANSYS - ENGINEERING ANALYSIS SYSTEM  RELEASE 2021 R2          21.2     ***
 DISTRIBUTED Ansys Mechanical Enterprise                       

 00000000  VERSION=WINDOWS x64   19:37:30  MAR 07, 2024 CP=      2.484

 wbnew--Static Structural (B5)                                                 



                       S O L U T I O N   O P T I O N S

   PROBLEM DIMENSIONALITY. . . . . . . . . . . . .3-D                  
   DEGREES OF FREEDOM. . . . . . UX   UY   UZ  
   ANALYSIS TYPE . . . . . . . . . . . . . . . . .STATIC (STEADY-STATE)
   OFFSET TEMPERATURE FROM ABSOLUTE ZERO . . . . .  273.15    
   EQUATION SOLVER OPTION. . . . . . . . . . . . .SPARSE             
   GLOBALLY ASSEMBLED MATRIX . . . . . . . . . . .SYMMETRIC  

 *** NOTE ***                            CP =       2.516   TIME= 19:37:30
 The conditions for direct assembly have been met.  No .emat or .erot    
 files will be produced.                                                 

  
  
     D I S T R I B U T E D   D O M A I N   D E C O M P O S E R
  
  ...Number of elements: 9968
  ...Number of nodes:    70842
  ...Decompose to 6 CPU domains
  ...Element load balance ratio =     1.001


                      L O A D   S T E P   O P T I O N S

   LOAD STEP NUMBER. . . . . . . . . . . . . . . .     1
   TIME AT END OF THE LOAD STEP. . . . . . . . . .  1.0000    
   NUMBER OF SUBSTEPS. . . . . . . . . . . . . . .     1
   STEP CHANGE BOUNDARY CONDITIONS . . . . . . . .    NO
   PRINT OUTPUT CONTROLS . . . . . . . . . . . . .NO PRINTOUT
   DATABASE OUTPUT CONTROLS
      ITEM     FREQUENCY   COMPONENT
       ALL       NONE               
      NSOL        ALL               
      RSOL        ALL               
      EANG        ALL               
      ETMP        ALL               
      VENG        ALL               
      STRS        ALL               
      EPEL        ALL               
      EPPL        ALL               
      EPTH        ALL               
      CONT        ALL               


 SOLUTION MONITORING INFO IS WRITTEN TO FILE= file.mntr                                                                                                                                                                                                                                                           



                         ***********  PRECISE MASS SUMMARY  ***********

   TOTAL RIGID BODY MASS MATRIX ABOUT ORIGIN
               Translational mass               |   Coupled translational/rotational mass
         49.747        0.0000        0.0000     |     0.0000       0.15795       -24.873    
         0.0000        49.747        0.0000     |   -0.15795        0.0000        24.873    
         0.0000        0.0000        49.747     |     24.873       -24.873        0.0000    
     ------------------------------------------ | ------------------------------------------
                                                |         Rotational mass (inertia)
                                                |     16.571       -12.437      -0.78973E-01
                                                |    -12.437        16.571      -0.78973E-01
                                                |   -0.78973E-01  -0.78973E-01    33.140    

   TOTAL MASS =  49.747    
     The mass principal axes coincide with the global Cartesian axes

   CENTER OF MASS (X,Y,Z)=   0.50000       0.50000       0.31750E-02

   TOTAL INERTIA ABOUT CENTER OF MASS
         4.1337      -0.12655E-10  -0.94696E-15
       -0.12655E-10    4.1337      -0.90987E-15
       -0.94696E-15  -0.90987E-15    8.2670    
     The inertia principal axes coincide with the global Cartesian axes


  *** MASS SUMMARY BY ELEMENT TYPE ***

  TYPE      MASS
     1   49.7465    

 Range of element maximum matrix coefficients in global coordinates
 Maximum = 7.029245873E+09 at element 37.                                
 Minimum = 1.528233529E+09 at element 9968.                              

   *** ELEMENT MATRIX FORMULATION TIMES
     TYPE    NUMBER   ENAME      TOTAL CP  AVE CP

        1      9968  SOLID186      1.594   0.000160
 Time at end of element matrix formulation CP = 2.78125.                 

 DISTRIBUTED SPARSE MATRIX DIRECT SOLVER.
  Number of equations =      212046,    Maximum wavefront =    153

  Local memory allocated for solver              =    174.083 MB
  Local memory required for in-core solution     =    167.505 MB
  Local memory required for out-of-core solution =     92.320 MB

  Total memory allocated for solver              =   1299.555 MB
  Total memory required for in-core solution     =   1247.819 MB
  Total memory required for out-of-core solution =    613.473 MB

 *** NOTE ***                            CP =       3.422   TIME= 19:37:32
 The Distributed Sparse Matrix Solver is currently running in the        
 in-core memory mode.  This memory mode uses the most amount of memory   
 in order to avoid using the hard drive as much as possible, which most  
 often results in the fastest solution time.  This mode is recommended   
 if enough physical memory is present to accommodate all of the solver   
 data.                                                                   
 curEqn=  26259  totEqn=  26259 Job CP sec=      5.953
      Factor Done= 100% Factor Wall sec=      2.398 rate=    3604.8 Mflops
 Distributed sparse solver maximum pivot= 7.713676231E+09 at node 4744   
 UZ.                                                                     
 Distributed sparse solver minimum pivot= 250752.464 at node 31333 UZ.   
 Distributed sparse solver minimum pivot in absolute value= 250752.464   
 at node 31333 UZ.                                                       

   *** ELEMENT RESULT CALCULATION TIMES
     TYPE    NUMBER   ENAME      TOTAL CP  AVE CP

        1      9968  SOLID186      1.016   0.000102

   *** NODAL LOAD CALCULATION TIMES
     TYPE    NUMBER   ENAME      TOTAL CP  AVE CP

        1      9968  SOLID186      0.250   0.000025
 *** LOAD STEP     1   SUBSTEP     1  COMPLETED.    CUM ITER =      1
 *** TIME =   1.00000         TIME INC =   1.00000      NEW TRIANG MATRIX


 *** ANSYS BINARY FILE STATISTICS
  BUFFER SIZE USED= 16384
       23.812 MB WRITTEN ON ASSEMBLED MATRIX FILE: file0.full
        3.250 MB WRITTEN ON RESULTS FILE: file0.rst
 *************** Write FE CONNECTORS *********

 WRITE OUT CONSTRAINT EQUATIONS TO FILE= file.ce                                                                                                                                                                                                                                                             
 ****************************************************
 *************** FINISHED SOLVE FOR LS 1 *************

 *GET  _WALLASOL  FROM  ACTI  ITEM=TIME WALL  VALUE=  19.6263889    

 PRINTOUT RESUMED BY /GOP

 FINISH SOLUTION PROCESSING


 ***** ROUTINE COMPLETED *****  CP =         6.641



 *** ANSYS - ENGINEERING ANALYSIS SYSTEM  RELEASE 2021 R2          21.2     ***
 DISTRIBUTED Ansys Mechanical Enterprise                       

 00000000  VERSION=WINDOWS x64   19:37:36  MAR 07, 2024 CP=      6.641

 wbnew--Static Structural (B5)                                                 



          ***** ANSYS RESULTS INTERPRETATION (POST1) *****

 *** NOTE ***                            CP =       6.641   TIME= 19:37:36
 Reading results into the database (SET command) will update the current 
 displacement and force boundary conditions in the database with the     
 values from the results file for that load set.  Note that any          
 subsequent solutions will use these values unless action is taken to    
 either SAVE the current values or not overwrite them (/EXIT,NOSAVE).    

 Set Encoding of XML File to:ISO-8859-1

 Set Output of XML File to:
     PARM,     ,     ,     ,     ,     ,     ,     ,     ,     ,     ,     ,
         ,     ,     ,     ,     ,     ,     ,

 DATABASE WRITTEN ON FILE  parm.xml                                                                                                                                                                                                                                                            

 EXIT THE ANSYS POST1 DATABASE PROCESSOR


 ***** ROUTINE COMPLETED *****  CP =         6.656



 PRINTOUT RESUMED BY /GOP

 *GET  _WALLDONE  FROM  ACTI  ITEM=TIME WALL  VALUE=  19.6266667    

 PARAMETER _PREPTIME =     0.000000000    

 PARAMETER _SOLVTIME =     6.000000000    

 PARAMETER _POSTTIME =     1.000000000    

 PARAMETER _TOTALTIM =     7.000000000    

 *GET  _DLBRATIO  FROM  ACTI  ITEM=SOLU DLBR  VALUE=  1.00060205    

 *GET  _COMBTIME  FROM  ACTI  ITEM=SOLU COMB  VALUE= 0.105092600    

 *GET  _SSMODE   FROM  ACTI  ITEM=SOLU SSMM  VALUE=  2.00000000    

 *GET  _NDOFS    FROM  ACTI  ITEM=SOLU NDOF  VALUE=  212046.000    
 --- Total number of nodes = 70842
 --- Total number of elements = 9968
 --- Element load balance ratio = 1.00060205
 --- Time to combine distributed files = 0.1050926
 --- Sparse memory mode = 2
 --- Number of DOF = 212046

 EXIT ANSYS WITHOUT SAVING DATABASE


 NUMBER OF WARNING MESSAGES ENCOUNTERED=          1
 NUMBER OF ERROR   MESSAGES ENCOUNTERED=          0

+--------- D I S T R I B U T E D   A N S Y S   S T A T I S T I C S ------------+

Release: 2021 R2            Build: 21.2       Update: UP20210601   Platform: WINDOWS x64 
Date Run: 03/07/2024   Time: 19:37     Process ID: 12920
Operating System: Windows 10  (Build: 22621)

Processor Model: 12th Gen Intel(R) Core(TM) i5-12450H

Compiler: Intel(R) FORTRAN Compiler Version 19.0.0  (Build: 20190206)
          Intel(R) C/C++ Compiler Version 19.0.0  (Build: 20190206)
          Intel(R) Math Kernel Library Version 2020.0.0 Product Build 20191125
          BLAS Library supplied by Intel(R) MKL

Number of machines requested            :    1
Total number of cores available         :   12
Number of physical cores available      :    8
Number of processes requested           :    6
Number of threads per process requested :    1
Total number of cores requested         :    6 (Distributed Memory Parallel)               
MPI Type: INTELMPI
MPI Version: Intel(R) MPI Library 2019 Update 9 for Windows* OS


GPU Acceleration: Not Requested

Job Name: file0
Input File: dummy.dat

  Core                Machine Name   Working Directory
 -----------------------------------------------------
     0             LAPTOP-CT0SU0SV   C:\Users\Priyank Mitram Singh\AppData\Local\Temp\WB_Priyank Mitram Singh_14380_2\_ProjectScratch\Scr720B
     1             LAPTOP-CT0SU0SV   C:\Users\Priyank Mitram Singh\AppData\Local\Temp\WB_Priyank Mitram Singh_14380_2\_ProjectScratch\Scr720B
     2             LAPTOP-CT0SU0SV   C:\Users\Priyank Mitram Singh\AppData\Local\Temp\WB_Priyank Mitram Singh_14380_2\_ProjectScratch\Scr720B
     3             LAPTOP-CT0SU0SV   C:\Users\Priyank Mitram Singh\AppData\Local\Temp\WB_Priyank Mitram Singh_14380_2\_ProjectScratch\Scr720B
     4             LAPTOP-CT0SU0SV   C:\Users\Priyank Mitram Singh\AppData\Local\Temp\WB_Priyank Mitram Singh_14380_2\_ProjectScratch\Scr720B
     5             LAPTOP-CT0SU0SV   C:\Users\Priyank Mitram Singh\AppData\Local\Temp\WB_Priyank Mitram Singh_14380_2\_ProjectScratch\Scr720B
 
Latency time from master to core     1 =    4.245 microseconds
Latency time from master to core     2 =    4.327 microseconds
Latency time from master to core     3 =    3.894 microseconds
Latency time from master to core     4 =    7.193 microseconds
Latency time from master to core     5 =    7.413 microseconds
 
Communication speed from master to core     1 =  4411.87 MB/sec
Communication speed from master to core     2 =  5257.17 MB/sec
Communication speed from master to core     3 =  5468.81 MB/sec
Communication speed from master to core     4 =  4117.58 MB/sec
Communication speed from master to core     5 =  4139.12 MB/sec

Total CPU time for main thread                    :        5.1 seconds
Total CPU time summed for all threads             :        7.2 seconds

Elapsed time spent obtaining a license            :        1.7 seconds
Elapsed time spent pre-processing model (/PREP7)  :        0.2 seconds
Elapsed time spent solution - preprocessing       :        0.3 seconds
Elapsed time spent computing solution             :        5.2 seconds
Elapsed time spent solution - postprocessing      :        0.1 seconds
Elapsed time spent post-processing model (/POST1) :        0.0 seconds
 
Equation solver used                              :            Sparse (symmetric)
Equation solver computational rate                :       26.9 Gflops
Equation solver effective I/O rate                :       22.1 GB/sec

Maximum total memory used                         :     1603.0 MB
Maximum total memory allocated                    :     7232.0 MB
Total physical memory available                   :         16 GB

Total amount of I/O written to disk               :        0.1 GB
Total amount of I/O read from disk                :        0.0 GB

+------ E N D   D I S T R I B U T E D   A N S Y S   S T A T I S T I C S -------+


 *---------------------------------------------------------------------------*
 |                                                                           |
 |                       DISTRIBUTED ANSYS RUN COMPLETED                     |
 |                                                                           |
 |---------------------------------------------------------------------------|
 |                                                                           |
 | Ansys 2021 R2               Build 21.2         UP20210601     WINDOWS x64 |
 |                                                                           |
 |---------------------------------------------------------------------------|
 |                                                                           |
 | Database Requested(-db)  1024 MB    Scratch Memory Requested      1024 MB |
 | Maximum Database Used      50 MB    Maximum Scratch Memory Used    220 MB |
 |                                                                           |
 |---------------------------------------------------------------------------|
 |                                                                           |
 |        CP Time      (sec) =          7.172       Time  =  19:37:36        |
 |        Elapsed Time (sec) =         10.000       Date  =  03/07/2024      |
 |                                                                           |
 *---------------------------------------------------------------------------*
